E, [2016-11-06T15:54:40.174614 #11213] ERROR -- Kitchen: ------Exception-------
E, [2016-11-06T15:54:40.174727 #11213] ERROR -- Kitchen: Class: Kitchen::UserError
E, [2016-11-06T15:54:40.174763 #11213] ERROR -- Kitchen: Message: Kitchen YAML file /home/hezi/repos/session-chef/HomeWork1/.kitchen.yml does not exist.
E, [2016-11-06T15:54:40.174792 #11213] ERROR -- Kitchen: ----------------------
E, [2016-11-06T15:54:40.174820 #11213] ERROR -- Kitchen: ------Backtrace-------
E, [2016-11-06T15:54:40.174847 #11213] ERROR -- Kitchen: /opt/chefdk/embedded/lib/ruby/gems/2.3.0/gems/test-kitchen-1.13.2/lib/kitchen/loader/yaml.rb:74:in `read'
E, [2016-11-06T15:54:40.174875 #11213] ERROR -- Kitchen: /opt/chefdk/embedded/lib/ruby/gems/2.3.0/gems/test-kitchen-1.13.2/lib/kitchen/config.rb:154:in `data'
E, [2016-11-06T15:54:40.174903 #11213] ERROR -- Kitchen: /opt/chefdk/embedded/lib/ruby/gems/2.3.0/gems/test-kitchen-1.13.2/lib/kitchen/config.rb:133:in `suites'
E, [2016-11-06T15:54:40.174931 #11213] ERROR -- Kitchen: /opt/chefdk/embedded/lib/ruby/gems/2.3.0/gems/test-kitchen-1.13.2/lib/kitchen/config.rb:184:in `filter_instances'
E, [2016-11-06T15:54:40.174959 #11213] ERROR -- Kitchen: /opt/chefdk/embedded/lib/ruby/gems/2.3.0/gems/test-kitchen-1.13.2/lib/kitchen/config.rb:143:in `build_instances'
E, [2016-11-06T15:54:40.174987 #11213] ERROR -- Kitchen: /opt/chefdk/embedded/lib/ruby/gems/2.3.0/gems/test-kitchen-1.13.2/lib/kitchen/config.rb:119:in `instances'
E, [2016-11-06T15:54:40.175014 #11213] ERROR -- Kitchen: /opt/chefdk/embedded/lib/ruby/gems/2.3.0/gems/test-kitchen-1.13.2/lib/kitchen/command.rb:115:in `filtered_instances'
E, [2016-11-06T15:54:40.175042 #11213] ERROR -- Kitchen: /opt/chefdk/embedded/lib/ruby/gems/2.3.0/gems/test-kitchen-1.13.2/lib/kitchen/command.rb:145:in `parse_subcommand'
E, [2016-11-06T15:54:40.175069 #11213] ERROR -- Kitchen: /opt/chefdk/embedded/lib/ruby/gems/2.3.0/gems/test-kitchen-1.13.2/lib/kitchen/command/list.rb:32:in `call'
E, [2016-11-06T15:54:40.175097 #11213] ERROR -- Kitchen: /opt/chefdk/embedded/lib/ruby/gems/2.3.0/gems/test-kitchen-1.13.2/lib/kitchen/cli.rb:56:in `perform'
E, [2016-11-06T15:54:40.175125 #11213] ERROR -- Kitchen: /opt/chefdk/embedded/lib/ruby/gems/2.3.0/gems/test-kitchen-1.13.2/lib/kitchen/cli.rb:120:in `list'
E, [2016-11-06T15:54:40.175152 #11213] ERROR -- Kitchen: /opt/chefdk/embedded/lib/ruby/gems/2.3.0/gems/thor-0.19.1/lib/thor/command.rb:27:in `run'
E, [2016-11-06T15:54:40.175180 #11213] ERROR -- Kitchen: /opt/chefdk/embedded/lib/ruby/gems/2.3.0/gems/thor-0.19.1/lib/thor/invocation.rb:126:in `invoke_command'
E, [2016-11-06T15:54:40.175221 #11213] ERROR -- Kitchen: /opt/chefdk/embedded/lib/ruby/gems/2.3.0/gems/test-kitchen-1.13.2/lib/kitchen/cli.rb:334:in `invoke_task'
E, [2016-11-06T15:54:40.175249 #11213] ERROR -- Kitchen: /opt/chefdk/embedded/lib/ruby/gems/2.3.0/gems/thor-0.19.1/lib/thor.rb:359:in `dispatch'
E, [2016-11-06T15:54:40.175277 #11213] ERROR -- Kitchen: /opt/chefdk/embedded/lib/ruby/gems/2.3.0/gems/thor-0.19.1/lib/thor/base.rb:440:in `start'
E, [2016-11-06T15:54:40.175305 #11213] ERROR -- Kitchen: /opt/chefdk/embedded/lib/ruby/gems/2.3.0/gems/test-kitchen-1.13.2/bin/kitchen:13:in `block in <top (required)>'
E, [2016-11-06T15:54:40.175333 #11213] ERROR -- Kitchen: /opt/chefdk/embedded/lib/ruby/gems/2.3.0/gems/test-kitchen-1.13.2/lib/kitchen/errors.rb:174:in `with_friendly_errors'
E, [2016-11-06T15:54:40.175367 #11213] ERROR -- Kitchen: /opt/chefdk/embedded/lib/ruby/gems/2.3.0/gems/test-kitchen-1.13.2/bin/kitchen:13:in `<top (required)>'
E, [2016-11-06T15:54:40.175399 #11213] ERROR -- Kitchen: /bin/kitchen:21:in `load'
E, [2016-11-06T15:54:40.175427 #11213] ERROR -- Kitchen: /bin/kitchen:21:in `<main>'
E, [2016-11-06T15:54:40.175453 #11213] ERROR -- Kitchen: ----End Backtrace-----
